<?xml version="1.0" encoding="UTF-8"?>
<testng-results skipped="0" failed="0" ignored="0" total="1" passed="1">
  <reporter-output>
  </reporter-output>
  <suite name="Default suite" duration-ms="2448" started-at="2022-08-25T11:15:11Z" finished-at="2022-08-25T11:15:13Z">
    <groups>
    </groups>
    <test name="Default test" duration-ms="2448" started-at="2022-08-25T11:15:11Z" finished-at="2022-08-25T11:15:13Z">
      <class name="smoke.PutIssuer2">
        <test-method status="PASS" signature="postIssuer()[pri:0, instance:smoke.PutIssuer2@3c22fc4c]" name="postIssuer" duration-ms="2430" started-at="2022-08-25T11:15:11Z" finished-at="2022-08-25T11:15:13Z">
          <reporter-output>
          </reporter-output>
        </test-method> <!-- postIssuer -->
      </class> <!-- smoke.PutIssuer2 -->
    </test> <!-- Default test -->
  </suite> <!-- Default suite -->
</testng-results>
